<?xml version="1.0" encoding="UTF-8"?>
<!-- Generated by org.testng.reporters.JUnitXMLReporter -->
<testsuite hostname="Nas" ignored="4" name="Default test" tests="6" failures="2" timestamp="01 Nov 2021 04:44:22 GMT" time="0.075" errors="0">
  <testcase name="aTest" time="0.01" classname="com.statefarm.qa.test.insurance.auto.testTheTestClass"/>
  <testcase name="secondTest" time="0.001" classname="com.statefarm.qa.test.insurance.auto.testTheTestClass"/>
  <testcase name="secondTest" time="0.001" classname="com.statefarm.qa.test.insurance.auto.testTheTestClass"/>
  <testcase name="secondTest" time="0.001" classname="com.statefarm.qa.test.insurance.auto.testTheTestClass"/>
  <testcase name="verifyLandingPageHome" time="0.0" classname="com.statefarm.qa.test.insurance.auto.InitialQuotingHomeOwnerTest">
    <failure type="org.testng.TestNGException" message="
Parameter &amp;apos;product&amp;apos; is required by @Test on method verifyLandingPageHome but has not been marked @Optional or defined
in C:\Users\mdnas\AppData\Local\Temp\testng-eclipse-874718152\testng-customsuite.xml">
      <![CDATA[org.testng.TestNGException: 
Parameter 'product' is required by @Test on method verifyLandingPageHome but has not been marked @Optional or defined
in C:\Users\mdnas\AppData\Local\Temp\testng-eclipse-874718152\testng-customsuite.xml
at org.testng.internal.Parameters.createParams(Parameters.java:290)
at org.testng.internal.Parameters.createParametersForMethod(Parameters.java:359)
at org.testng.internal.Parameters.createParameters(Parameters.java:620)
at org.testng.internal.Parameters.handleParameters(Parameters.java:769)
at org.testng.internal.ParameterHandler.handleParameters(ParameterHandler.java:49)
at org.testng.internal.ParameterHandler.createParameters(ParameterHandler.java:37)
at org.testng.internal.Invoker.invokeTestMethods(Invoker.java:924)
at org.testng.internal.TestMethodWorker.invokeTestMethods(TestMethodWorker.java:125)
at org.testng.internal.TestMethodWorker.run(TestMethodWorker.java:109)
at org.testng.TestRunner.privateRun(TestRunner.java:648)
at org.testng.TestRunner.run(TestRunner.java:505)
at org.testng.SuiteRunner.runTest(SuiteRunner.java:455)
at org.testng.SuiteRunner.runSequentially(SuiteRunner.java:450)
at org.testng.SuiteRunner.privateRun(SuiteRunner.java:415)
at org.testng.SuiteRunner.run(SuiteRunner.java:364)
at org.testng.SuiteRunnerWorker.runSuite(SuiteRunnerWorker.java:52)
at org.testng.SuiteRunnerWorker.run(SuiteRunnerWorker.java:84)
at org.testng.TestNG.runSuitesSequentially(TestNG.java:1208)
at org.testng.TestNG.runSuitesLocally(TestNG.java:1137)
at org.testng.TestNG.runSuites(TestNG.java:1049)
at org.testng.TestNG.run(TestNG.java:1017)
at org.testng.remote.AbstractRemoteTestNG.run(AbstractRemoteTestNG.java:115)
at org.testng.remote.RemoteTestNG.initAndRun(RemoteTestNG.java:251)
at org.testng.remote.RemoteTestNG.main(RemoteTestNG.java:77)
]]>
    </failure>
  </testcase> <!-- verifyLandingPageHome -->
  <testcase name="verifyStepsForNewCustomerAuto2" time="0.024" classname="com.statefarm.qa.test.insurance.auto.InitialQuotingAutoTest">
    <failure type="org.testng.internal.reflect.MethodMatcherException" message="
Data provider mismatch
Method: verifyStepsForNewCustomerAuto2([Parameter{index=0, type=java.util.List, declaredAnnotations=[]}])
Arguments: [(java.lang.String) John]">
      <![CDATA[org.testng.internal.reflect.MethodMatcherException: 
Data provider mismatch
Method: verifyStepsForNewCustomerAuto2([Parameter{index=0, type=java.util.List, declaredAnnotations=[]}])
Arguments: [(java.lang.String) John]
at org.testng.internal.reflect.DataProviderMethodMatcher.getConformingArguments(DataProviderMethodMatcher.java:45)
at org.testng.internal.Parameters.injectParameters(Parameters.java:796)
at org.testng.internal.Invoker.invokeTestMethods(Invoker.java:983)
at org.testng.internal.TestMethodWorker.invokeTestMethods(TestMethodWorker.java:125)
at org.testng.internal.TestMethodWorker.run(TestMethodWorker.java:109)
at org.testng.TestRunner.privateRun(TestRunner.java:648)
at org.testng.TestRunner.run(TestRunner.java:505)
at org.testng.SuiteRunner.runTest(SuiteRunner.java:455)
at org.testng.SuiteRunner.runSequentially(SuiteRunner.java:450)
at org.testng.SuiteRunner.privateRun(SuiteRunner.java:415)
at org.testng.SuiteRunner.run(SuiteRunner.java:364)
at org.testng.SuiteRunnerWorker.runSuite(SuiteRunnerWorker.java:52)
at org.testng.SuiteRunnerWorker.run(SuiteRunnerWorker.java:84)
at org.testng.TestNG.runSuitesSequentially(TestNG.java:1208)
at org.testng.TestNG.runSuitesLocally(TestNG.java:1137)
at org.testng.TestNG.runSuites(TestNG.java:1049)
at org.testng.TestNG.run(TestNG.java:1017)
at org.testng.remote.AbstractRemoteTestNG.run(AbstractRemoteTestNG.java:115)
at org.testng.remote.RemoteTestNG.initAndRun(RemoteTestNG.java:251)
at org.testng.remote.RemoteTestNG.main(RemoteTestNG.java:77)
]]>
    </failure>
  </testcase> <!-- verifyStepsForNewCustomerAuto2 -->
  <testcase name="thirdTest" time="0.0" classname="com.statefarm.qa.test.insurance.auto.testTheTestClass">
    <ignored/>
  </testcase> <!-- thirdTest -->
  <testcase name="verifyFindAccountAuto" time="0.0" classname="com.statefarm.qa.test.insurance.auto.InitialQuotingAutoTest">
    <ignored/>
  </testcase> <!-- verifyFindAccountAuto -->
  <testcase name="verifyStepsForNewCustomerAuto" time="0.0" classname="com.statefarm.qa.test.insurance.auto.InitialQuotingAutoTest">
    <ignored/>
  </testcase> <!-- verifyStepsForNewCustomerAuto -->
  <testcase name="verifyStepsForExistingCustomerAutoValidCred" time="0.0" classname="com.statefarm.qa.test.insurance.auto.InitialQuotingAutoTest">
    <ignored/>
  </testcase> <!-- verifyStepsForExistingCustomerAutoValidCred -->
</testsuite> <!-- Default test -->
