<?xml version="1.0" encoding="UTF-8"?>
<!-- Generated by org.testng.reporters.JUnitXMLReporter -->
<testsuite hostname="Nas" ignored="5" name="TestHome" tests="2" failures="1" timestamp="15 Dec 2021 02:04:26 GMT" time="32.005" errors="0">
  <testcase name="verifyLandingPageHome" time="18.679" classname="com.statefarm.qa.test.insurance.auto.InitialQuotingHomeOwnerTest">
    <failure type="org.openqa.selenium.NoSuchElementException" message="no such element: Unable to locate element: {&amp;quot;method&amp;quot;:&amp;quot;css selector&amp;quot;,&amp;quot;selector&amp;quot;:&amp;quot;#quote\-main\-zip\-btn&amp;quot;}
  (Session info: chrome=96.0.4664.45)
For documentation on this error, please visit: https://www.seleniumhq.org/exceptions/no_such_element.html
Build info: version: &amp;apos;3.141.59&amp;apos;, revision: &amp;apos;e82be7d358&amp;apos;, time: &amp;apos;2018-11-14T08:17:03&amp;apos;
System info: host: &amp;apos;NAS&amp;apos;, ip: &amp;apos;192.168.1.168&amp;apos;, os.name: &amp;apos;Windows 10&amp;apos;, os.arch: &amp;apos;amd64&amp;apos;, os.version: &amp;apos;10.0&amp;apos;, java.version: &amp;apos;1.8.0_181&amp;apos;
Driver info: org.openqa.selenium.remote.RemoteWebDriver
Capabilities {acceptInsecureCerts: false, browserName: chrome, browserVersion: 96.0.4664.45, chrome: {chromedriverVersion: 96.0.4664.45 (76e4c1bb2ab46..., userDataDir: /var/folders/3n/z0_2p7gn03q...}, goog:chromeOptions: {debuggerAddress: localhost:49387}, javascriptEnabled: true, networkConnectionEnabled: false, pageLoadStrategy: normal, platform: MAC, platformName: MAC, proxy: Proxy(), setWindowRect: true, strictFileInteractability: false, timeouts: {implicit: 0, pageLoad: 300000, script: 30000}, unhandledPromptBehavior: dismiss and notify, webauthn:extension:credBlob: true, webauthn:extension:largeBlob: true, webauthn:virtualAuthenticators: true}
Session ID: d5a264ce0b0d4c3890989fe0c4d08538
*** Element info: {Using=id, value=quote-main-zip-btn}">
      <![CDATA[org.openqa.selenium.NoSuchElementException: no such element: Unable to locate element: {"method":"css selector","selector":"#quote\-main\-zip\-btn"}
  (Session info: chrome=96.0.4664.45)
For documentation on this error, please visit: https://www.seleniumhq.org/exceptions/no_such_element.html
Build info: version: '3.141.59', revision: 'e82be7d358', time: '2018-11-14T08:17:03'
System info: host: 'NAS', ip: '192.168.1.168', os.name: 'Windows 10', os.arch: 'amd64', os.version: '10.0', java.version: '1.8.0_181'
Driver info: org.openqa.selenium.remote.RemoteWebDriver
Capabilities {acceptInsecureCerts: false, browserName: chrome, browserVersion: 96.0.4664.45, chrome: {chromedriverVersion: 96.0.4664.45 (76e4c1bb2ab46..., userDataDir: /var/folders/3n/z0_2p7gn03q...}, goog:chromeOptions: {debuggerAddress: localhost:49387}, javascriptEnabled: true, networkConnectionEnabled: false, pageLoadStrategy: normal, platform: MAC, platformName: MAC, proxy: Proxy(), setWindowRect: true, strictFileInteractability: false, timeouts: {implicit: 0, pageLoad: 300000, script: 30000}, unhandledPromptBehavior: dismiss and notify, webauthn:extension:credBlob: true, webauthn:extension:largeBlob: true, webauthn:virtualAuthenticators: true}
Session ID: d5a264ce0b0d4c3890989fe0c4d08538
*** Element info: {Using=id, value=quote-main-zip-btn}
at org.openqa.selenium.remote.http.W3CHttpResponseCodec.createException(W3CHttpResponseCodec.java:187)
at org.openqa.selenium.remote.http.W3CHttpResponseCodec.decode(W3CHttpResponseCodec.java:122)
at org.openqa.selenium.remote.http.W3CHttpResponseCodec.decode(W3CHttpResponseCodec.java:49)
at org.openqa.selenium.remote.HttpCommandExecutor.execute(HttpCommandExecutor.java:158)
at org.openqa.selenium.remote.RemoteWebDriver.execute(RemoteWebDriver.java:552)
at org.openqa.selenium.remote.RemoteWebDriver.findElement(RemoteWebDriver.java:323)
at org.openqa.selenium.remote.RemoteWebDriver.findElementById(RemoteWebDriver.java:372)
at org.openqa.selenium.By$ById.findElement(By.java:188)
at org.openqa.selenium.remote.RemoteWebDriver.findElement(RemoteWebDriver.java:315)
at org.openqa.selenium.support.pagefactory.DefaultElementLocator.findElement(DefaultElementLocator.java:69)
at org.openqa.selenium.support.pagefactory.internal.LocatingElementHandler.invoke(LocatingElementHandler.java:38)
at com.sun.proxy.$Proxy15.getText(Unknown Source)
at com.statefarm.qa.common.CommonMethods.click(CommonMethods.java:44)
at com.statefarm.qa.autoPages.LandingPage.landingPageSteps(LandingPage.java:32)
at com.statefarm.qa.test.insurance.auto.InitialQuotingHomeOwnerTest.verifyLandingPageHome(InitialQuotingHomeOwnerTest.java:24)
... Removed 29 stack frames]]>
    </failure>
  </testcase> <!-- verifyLandingPageHome -->
  <testcase name="verifyStepsForExistingCustomerAutoValidCred" time="0.0" classname="com.statefarm.qa.test.insurance.auto.InitialQuotingAutoTest">
    <skipped/>
  </testcase> <!-- verifyStepsForExistingCustomerAutoValidCred -->
  <testcase name="@BeforeSuite initiateReporting" time="0.0" classname="com.statefarm.qa.setup.BasePage">
    <ignored/>
  </testcase> <!-- @BeforeSuite initiateReporting -->
  <testcase name="verifyFindAccountAuto" time="0.0" classname="com.statefarm.qa.test.insurance.auto.InitialQuotingAutoTest">
    <ignored/>
  </testcase> <!-- verifyFindAccountAuto -->
  <testcase name="verifyFindAccountAutoDataProvider" time="0.0" classname="com.statefarm.qa.test.insurance.auto.InitialQuotingAutoTest">
    <ignored/>
  </testcase> <!-- verifyFindAccountAutoDataProvider -->
  <testcase name="verifyStepsForNewCustomerAuto" time="0.0" classname="com.statefarm.qa.test.insurance.auto.InitialQuotingAutoTest">
    <ignored/>
  </testcase> <!-- verifyStepsForNewCustomerAuto -->
  <testcase name="@AfterSuite finishReporting" time="0.0" classname="com.statefarm.qa.setup.BasePage">
    <ignored/>
  </testcase> <!-- @AfterSuite finishReporting -->
</testsuite> <!-- TestHome -->
