<!DOCTYPE html PUBLIC "-//W3C//DTD XHTML 1.1//EN" "http://www.w3.org/TR/xhtml11/DTD/xhtml11.dtd">
<html xmlns="http://www.w3.org/1999/xhtml">
<head>
<meta http-equiv="content-type" content="text/html; charset=UTF-8"/>
<title>TestNG Report</title>
<style type="text/css">table {margin-bottom:10px;border-collapse:collapse;empty-cells:show}th,td {border:1px solid #009;padding:.25em .5em}th {vertical-align:bottom}td {vertical-align:top}table a {font-weight:bold}.stripe td {background-color: #E6EBF9}.num {text-align:right}.passedodd td {background-color: #3F3}.passedeven td {background-color: #0A0}.skippedodd td {background-color: #DDD}.skippedeven td {background-color: #CCC}.failedodd td,.attn {background-color: #F33}.failedeven td,.stripe .attn {background-color: #D00}.stacktrace {white-space:pre;font-family:monospace}.totop {font-size:85%;text-align:center;border-bottom:2px solid #000}.invisible {display:none}</style>
</head>
<body>
<table>
<tr><th>Test</th><th># Passed</th><th># Skipped</th><th># Failed</th><th>Time (ms)</th><th>Included Groups</th><th>Excluded Groups</th></tr>
<tr><th colspan="7">Suite</th></tr>
<tr><td><a href="#t0">TestHome</a></td><td class="num">1</td><td class="num">0</td><td class="num">0</td><td class="num">6,076</td><td></td><td>auto</td></tr>
<tr><th colspan="7">testRunnerAuto</th></tr>
<tr class="stripe"><td><a href="#t1">Test</a></td><td class="num">0</td><td class="num">0</td><td class="num attn">1</td><td class="num">23,957</td><td></td><td>generic, home</td></tr>
<tr><th>Total</th><th class="num">1</th><th class="num">0</th><th class="num attn">1</th><th class="num">30,033</th><th colspan="2"></th></tr>
</table>
<table id='summary'><thead><tr><th>Class</th><th>Method</th><th>Start</th><th>Time (ms)</th></tr></thead><tbody><tr><th colspan="4">Suite</th></tr></tbody><tbody id="t0"><tr><th colspan="4">TestHome &#8212; passed</th></tr><tr class="passedeven"><td rowspan="1">com.statefarm.qa.test.insurance.auto.InitialQuotingHomeOwnerTest</td><td><a href="#m0">verifyLandingPageHome</a></td><td rowspan="1">1639105455514</td><td rowspan="1">457</td></tr></tbody>
<tbody><tr><th colspan="4">testRunnerAuto</th></tr></tbody><tbody id="t1"><tr><th colspan="4">Test &#8212; failed (configuration methods)</th></tr><tr class="failedeven"><td rowspan="1">com.statefarm.qa.test.insurance.auto.InitialQuotingAutoTest</td><td><a href="#m1">afterEachTestMethod</a></td><td rowspan="1">1639105449671</td><td rowspan="1">329</td></tr><tr><th colspan="4">Test &#8212; failed</th></tr><tr class="failedeven"><td rowspan="1">com.statefarm.qa.test.insurance.auto.InitialQuotingAutoTest</td><td><a href="#m2">verifyFindAccountAuto</a></td><td rowspan="1">1639105431679</td><td rowspan="1">17985</td></tr></tbody>
</table>
<h2>TestHome</h2><h3 id="m0">com.statefarm.qa.test.insurance.auto.InitialQuotingHomeOwnerTest#verifyLandingPageHome</h3><table class="result"><tr class="param"><th>Parameter #1</th><th>Parameter #2</th></tr><tr class="param stripe"><td>Homeowners</td><td>11417</td></tr></table><p class="totop"><a href="#summary">back to summary</a></p>
<h2>Test</h2><h3 id="m1">com.statefarm.qa.test.insurance.auto.InitialQuotingAutoTest#afterEachTestMethod</h3><table class="result"><tr class="param"><th>Parameter #1</th></tr><tr class="param stripe"><td>[TestResult name=verifyFindAccountAuto status=FAILURE method=InitialQuotingAutoTest.verifyFindAccountAuto(java.lang.String)[pri:0, instance:com.statefarm.qa.test.insurance.auto.InitialQuotingAutoTest@458ad742] output={null}]</td></tr><tr><th>Messages</th></tr><tr><td><div class="messages">Error Screen Shot has been saved at : screenShots\verifyFindAccountAuto_12.09.2021 22.04.09.png</div></td></tr><tr><th>Exception</th></tr><tr><td><div class="stacktrace">java.lang.ClassCastException: com.aventstack.extentreports.ExtentTest cannot be cast to com.aventstack.extentreports.markuputils.Markup
	at com.statefarm.qa.setup.BasePage.afterEachTestMethod(BasePage.java:97)
... Removed 32 stack frames</div></td></tr></table><p class="totop"><a href="#summary">back to summary</a></p>
<h3 id="m2">com.statefarm.qa.test.insurance.auto.InitialQuotingAutoTest#verifyFindAccountAuto</h3><table class="result"><tr class="param"><th>Parameter #1</th></tr><tr class="param stripe"><td>Auto</td></tr><tr><th>Exception</th></tr><tr><td><div class="stacktrace">org.openqa.selenium.NoSuchElementException: no such element: Unable to locate element: {&quot;method&quot;:&quot;xpath&quot;,&quot;selector&quot;:&quot;//h1[contains(.,&apos;Log In&apos;)]&quot;}
  (Session info: chrome=96.0.4664.93)
For documentation on this error, please visit: https://www.seleniumhq.org/exceptions/no_such_element.html
Build info: version: &apos;3.141.59&apos;, revision: &apos;e82be7d358&apos;, time: &apos;2018-11-14T08:17:03&apos;
System info: host: &apos;NAS&apos;, ip: &apos;192.168.1.168&apos;, os.name: &apos;Windows 10&apos;, os.arch: &apos;amd64&apos;, os.version: &apos;10.0&apos;, java.version: &apos;1.8.0_181&apos;
Driver info: org.openqa.selenium.chrome.ChromeDriver
Capabilities {acceptInsecureCerts: false, browserName: chrome, browserVersion: 96.0.4664.93, chrome: {chromedriverVersion: 96.0.4664.45 (76e4c1bb2ab46..., userDataDir: C:\Users\mdnas\AppData\Loca...}, goog:chromeOptions: {debuggerAddress: localhost:31189}, javascriptEnabled: true, networkConnectionEnabled: false, pageLoadStrategy: normal, platform: WINDOWS, platformName: WINDOWS, proxy: Proxy(), setWindowRect: true, strictFileInteractability: false, timeouts: {implicit: 0, pageLoad: 300000, script: 30000}, unhandledPromptBehavior: dismiss and notify, webauthn:extension:credBlob: true, webauthn:extension:largeBlob: true, webauthn:virtualAuthenticators: true}
Session ID: 3d848196401c42824a36ca86da01e7b6
*** Element info: {Using=xpath, value=//h1[contains(.,&apos;Log In&apos;)]}
	at org.openqa.selenium.remote.http.W3CHttpResponseCodec.createException(W3CHttpResponseCodec.java:187)
	at org.openqa.selenium.remote.http.W3CHttpResponseCodec.decode(W3CHttpResponseCodec.java:122)
	at org.openqa.selenium.remote.http.W3CHttpResponseCodec.decode(W3CHttpResponseCodec.java:49)
	at org.openqa.selenium.remote.HttpCommandExecutor.execute(HttpCommandExecutor.java:158)
	at org.openqa.selenium.remote.service.DriverCommandExecutor.execute(DriverCommandExecutor.java:83)
	at org.openqa.selenium.remote.RemoteWebDriver.execute(RemoteWebDriver.java:552)
	at org.openqa.selenium.remote.RemoteWebDriver.findElement(RemoteWebDriver.java:323)
	at org.openqa.selenium.remote.RemoteWebDriver.findElementByXPath(RemoteWebDriver.java:428)
	at org.openqa.selenium.By$ByXPath.findElement(By.java:353)
	at org.openqa.selenium.remote.RemoteWebDriver.findElement(RemoteWebDriver.java:315)
	at org.openqa.selenium.support.pagefactory.DefaultElementLocator.findElement(DefaultElementLocator.java:69)
	at org.openqa.selenium.support.pagefactory.internal.LocatingElementHandler.invoke(LocatingElementHandler.java:38)
	at com.sun.proxy.$Proxy13.getText(Unknown Source)
	at com.statefarm.qa.common.CommonMethods.getText(CommonMethods.java:20)
	at com.statefarm.qa.autoPages.LoginPage.loginPageSteps(LoginPage.java:26)
	at com.statefarm.qa.test.insurance.auto.InitialQuotingAutoTest.verifyFindAccountAuto(InitialQuotingAutoTest.java:78)
... Removed 33 stack frames</div></td></tr></table><p class="totop"><a href="#summary">back to summary</a></p>
</body>
</html>
