<?xml version="1.0" encoding="UTF-8"?>
<testng-results skipped="0" failed="1" ignored="12" total="14" passed="1">
  <reporter-output>
    <line>
      <![CDATA[Error Screen Shot has been saved at : screenShots\verifyFindAccountAuto_12.09.2021 22.04.09.png]]>
    </line>
  </reporter-output>
  <suite name="Suite" duration-ms="6076" started-at="2021-12-10T03:04:10Z" finished-at="2021-12-10T03:04:16Z">
    <groups>
      <group name="positive">
        <method signature="InitialQuotingHomeOwnerTest.verifyLandingPageHome(java.lang.String, int)[pri:0, instance:com.statefarm.qa.test.insurance.auto.InitialQuotingHomeOwnerTest@7f9a81e8]" name="verifyLandingPageHome" class="com.statefarm.qa.test.insurance.auto.InitialQuotingHomeOwnerTest"/>
      </group> <!-- positive -->
      <group name="home">
        <method signature="InitialQuotingHomeOwnerTest.verifyLandingPageHome(java.lang.String, int)[pri:0, instance:com.statefarm.qa.test.insurance.auto.InitialQuotingHomeOwnerTest@7f9a81e8]" name="verifyLandingPageHome" class="com.statefarm.qa.test.insurance.auto.InitialQuotingHomeOwnerTest"/>
      </group> <!-- home -->
    </groups>
    <test name="TestHome" duration-ms="6076" started-at="2021-12-10T03:04:10Z" finished-at="2021-12-10T03:04:16Z">
      <class name="com.statefarm.qa.test.insurance.auto.InitialQuotingHomeOwnerTest">
        <test-method status="PASS" signature="initiateReporting()[pri:0, instance:com.statefarm.qa.test.insurance.auto.InitialQuotingHomeOwnerTest@7f9a81e8]" name="initiateReporting" is-config="true" duration-ms="1" started-at="2021-12-10T03:04:10Z" finished-at="2021-12-10T03:04:10Z">
          <reporter-output>
          </reporter-output>
        </test-method> <!-- initiateReporting -->
        <test-method status="PASS" signature="setUpDriver()[pri:0, instance:com.statefarm.qa.test.insurance.auto.InitialQuotingHomeOwnerTest@7f9a81e8]" name="setUpDriver" is-config="true" duration-ms="4951" started-at="2021-12-10T03:04:10Z" finished-at="2021-12-10T03:04:15Z">
          <reporter-output>
          </reporter-output>
        </test-method> <!-- setUpDriver -->
        <test-method status="PASS" signature="initializationOfPages()[pri:0, instance:com.statefarm.qa.test.insurance.auto.InitialQuotingHomeOwnerTest@7f9a81e8]" name="initializationOfPages" is-config="true" duration-ms="1" started-at="2021-12-10T03:04:15Z" finished-at="2021-12-10T03:04:15Z">
          <reporter-output>
          </reporter-output>
        </test-method> <!-- initializationOfPages -->
        <test-method status="PASS" signature="startExtent(java.lang.reflect.Method, [Ljava.lang.Object;)[pri:0, instance:com.statefarm.qa.test.insurance.auto.InitialQuotingHomeOwnerTest@7f9a81e8]" name="startExtent" is-config="true" duration-ms="0" started-at="2021-12-10T03:04:15Z" finished-at="2021-12-10T03:04:15Z">
          <params>
            <param index="0">
              <value>
                <![CDATA[public void com.statefarm.qa.test.insurance.auto.InitialQuotingHomeOwnerTest.verifyLandingPageHome(java.lang.String,int)]]>
              </value>
            </param>
            <param index="1">
              <value>
                <![CDATA[[Ljava.lang.Object;@1e6b9a95]]>
              </value>
            </param>
          </params>
          <reporter-output>
          </reporter-output>
        </test-method> <!-- startExtent -->
        <test-method status="PASS" signature="verifyLandingPageHome(java.lang.String, int)[pri:0, instance:com.statefarm.qa.test.insurance.auto.InitialQuotingHomeOwnerTest@7f9a81e8]" name="verifyLandingPageHome" duration-ms="457" started-at="2021-12-10T03:04:15Z" finished-at="2021-12-10T03:04:15Z">
          <params>
            <param index="0">
              <value>
                <![CDATA[Homeowners]]>
              </value>
            </param>
            <param index="1">
              <value>
                <![CDATA[11417]]>
              </value>
            </param>
          </params>
          <reporter-output>
          </reporter-output>
        </test-method> <!-- verifyLandingPageHome -->
        <test-method status="PASS" signature="afterEachTestMethod(org.testng.ITestResult)[pri:0, instance:com.statefarm.qa.test.insurance.auto.InitialQuotingHomeOwnerTest@7f9a81e8]" name="afterEachTestMethod" is-config="true" duration-ms="666" started-at="2021-12-10T03:04:15Z" finished-at="2021-12-10T03:04:16Z">
          <params>
            <param index="0">
              <value>
                <![CDATA[[TestResult name=verifyLandingPageHome status=SUCCESS method=InitialQuotingHomeOwnerTest.verifyLandingPageHome(java.lang.String, int)[pri:0, instance:com.statefarm.qa.test.insurance.auto.InitialQuotingHomeOwnerTest@7f9a81e8] output={null}]]]>
              </value>
            </param>
          </params>
          <reporter-output>
          </reporter-output>
        </test-method> <!-- afterEachTestMethod -->
        <test-method status="PASS" signature="finishReporting()[pri:0, instance:com.statefarm.qa.test.insurance.auto.InitialQuotingHomeOwnerTest@7f9a81e8]" name="finishReporting" is-config="true" duration-ms="37" started-at="2021-12-10T03:04:16Z" finished-at="2021-12-10T03:04:16Z">
          <reporter-output>
          </reporter-output>
        </test-method> <!-- finishReporting -->
      </class> <!-- com.statefarm.qa.test.insurance.auto.InitialQuotingHomeOwnerTest -->
    </test> <!-- TestHome -->
  </suite> <!-- Suite -->
  <suite name="testRunnerAuto" duration-ms="23957" started-at="2021-12-10T03:03:46Z" finished-at="2021-12-10T03:04:10Z">
    <groups>
      <group name="negative">
        <method signature="InitialQuotingAutoTest.verifyFindAccountAuto(java.lang.String)[pri:0, instance:com.statefarm.qa.test.insurance.auto.InitialQuotingAutoTest@458ad742]" name="verifyFindAccountAuto" class="com.statefarm.qa.test.insurance.auto.InitialQuotingAutoTest"/>
      </group> <!-- negative -->
      <group name="auto">
        <method signature="InitialQuotingAutoTest.verifyFindAccountAuto(java.lang.String)[pri:0, instance:com.statefarm.qa.test.insurance.auto.InitialQuotingAutoTest@458ad742]" name="verifyFindAccountAuto" class="com.statefarm.qa.test.insurance.auto.InitialQuotingAutoTest"/>
      </group> <!-- auto -->
    </groups>
    <test name="Test" duration-ms="23957" started-at="2021-12-10T03:03:46Z" finished-at="2021-12-10T03:04:10Z">
      <class name="com.statefarm.qa.test.insurance.auto.InitialQuotingAutoTest">
        <test-method status="PASS" signature="initiateReporting()[pri:0, instance:com.statefarm.qa.test.insurance.auto.InitialQuotingAutoTest@458ad742]" name="initiateReporting" is-config="true" duration-ms="259" started-at="2021-12-10T03:03:45Z" finished-at="2021-12-10T03:03:46Z">
          <reporter-output>
          </reporter-output>
        </test-method> <!-- initiateReporting -->
        <test-method status="PASS" signature="setUpDriver()[pri:0, instance:com.statefarm.qa.test.insurance.auto.InitialQuotingAutoTest@458ad742]" name="setUpDriver" is-config="true" duration-ms="5567" started-at="2021-12-10T03:03:46Z" finished-at="2021-12-10T03:03:51Z">
          <reporter-output>
          </reporter-output>
        </test-method> <!-- setUpDriver -->
        <test-method status="PASS" signature="startExtent(java.lang.reflect.Method, [Ljava.lang.Object;)[pri:0, instance:com.statefarm.qa.test.insurance.auto.InitialQuotingAutoTest@458ad742]" name="startExtent" is-config="true" duration-ms="18" started-at="2021-12-10T03:03:51Z" finished-at="2021-12-10T03:03:51Z">
          <params>
            <param index="0">
              <value>
                <![CDATA[public void com.statefarm.qa.test.insurance.auto.InitialQuotingAutoTest.verifyFindAccountAuto(java.lang.String)]]>
              </value>
            </param>
            <param index="1">
              <value>
                <![CDATA[[Ljava.lang.Object;@4d6f623d]]>
              </value>
            </param>
          </params>
          <reporter-output>
          </reporter-output>
        </test-method> <!-- startExtent -->
        <test-method status="PASS" signature="pageInitialization()[pri:0, instance:com.statefarm.qa.test.insurance.auto.InitialQuotingAutoTest@458ad742]" name="pageInitialization" is-config="true" duration-ms="32" started-at="2021-12-10T03:03:51Z" finished-at="2021-12-10T03:03:51Z">
          <reporter-output>
          </reporter-output>
        </test-method> <!-- pageInitialization -->
        <test-method status="FAIL" signature="verifyFindAccountAuto(java.lang.String)[pri:0, instance:com.statefarm.qa.test.insurance.auto.InitialQuotingAutoTest@458ad742]" name="verifyFindAccountAuto" duration-ms="17985" started-at="2021-12-10T03:03:51Z" finished-at="2021-12-10T03:04:09Z">
          <params>
            <param index="0">
              <value>
                <![CDATA[Auto]]>
              </value>
            </param>
          </params>
          <exception class="org.openqa.selenium.NoSuchElementException">
            <message>
              <![CDATA[no such element: Unable to locate element: {"method":"xpath","selector":"//h1[contains(.,'Log In')]"}
  (Session info: chrome=96.0.4664.93)
For documentation on this error, please visit: https://www.seleniumhq.org/exceptions/no_such_element.html
Build info: version: '3.141.59', revision: 'e82be7d358', time: '2018-11-14T08:17:03'
System info: host: 'NAS', ip: '192.168.1.168', os.name: 'Windows 10', os.arch: 'amd64', os.version: '10.0', java.version: '1.8.0_181'
Driver info: org.openqa.selenium.chrome.ChromeDriver
Capabilities {acceptInsecureCerts: false, browserName: chrome, browserVersion: 96.0.4664.93, chrome: {chromedriverVersion: 96.0.4664.45 (76e4c1bb2ab46..., userDataDir: C:\Users\mdnas\AppData\Loca...}, goog:chromeOptions: {debuggerAddress: localhost:31189}, javascriptEnabled: true, networkConnectionEnabled: false, pageLoadStrategy: normal, platform: WINDOWS, platformName: WINDOWS, proxy: Proxy(), setWindowRect: true, strictFileInteractability: false, timeouts: {implicit: 0, pageLoad: 300000, script: 30000}, unhandledPromptBehavior: dismiss and notify, webauthn:extension:credBlob: true, webauthn:extension:largeBlob: true, webauthn:virtualAuthenticators: true}
Session ID: 3d848196401c42824a36ca86da01e7b6
*** Element info: {Using=xpath, value=//h1[contains(.,'Log In')]}]]>
            </message>
            <full-stacktrace>
              <![CDATA[org.openqa.selenium.NoSuchElementException: no such element: Unable to locate element: {"method":"xpath","selector":"//h1[contains(.,'Log In')]"}
  (Session info: chrome=96.0.4664.93)
For documentation on this error, please visit: https://www.seleniumhq.org/exceptions/no_such_element.html
Build info: version: '3.141.59', revision: 'e82be7d358', time: '2018-11-14T08:17:03'
System info: host: 'NAS', ip: '192.168.1.168', os.name: 'Windows 10', os.arch: 'amd64', os.version: '10.0', java.version: '1.8.0_181'
Driver info: org.openqa.selenium.chrome.ChromeDriver
Capabilities {acceptInsecureCerts: false, browserName: chrome, browserVersion: 96.0.4664.93, chrome: {chromedriverVersion: 96.0.4664.45 (76e4c1bb2ab46..., userDataDir: C:\Users\mdnas\AppData\Loca...}, goog:chromeOptions: {debuggerAddress: localhost:31189}, javascriptEnabled: true, networkConnectionEnabled: false, pageLoadStrategy: normal, platform: WINDOWS, platformName: WINDOWS, proxy: Proxy(), setWindowRect: true, strictFileInteractability: false, timeouts: {implicit: 0, pageLoad: 300000, script: 30000}, unhandledPromptBehavior: dismiss and notify, webauthn:extension:credBlob: true, webauthn:extension:largeBlob: true, webauthn:virtualAuthenticators: true}
Session ID: 3d848196401c42824a36ca86da01e7b6
*** Element info: {Using=xpath, value=//h1[contains(.,'Log In')]}
at sun.reflect.NativeConstructorAccessorImpl.newInstance0(Native Method)
at sun.reflect.NativeConstructorAccessorImpl.newInstance(NativeConstructorAccessorImpl.java:62)
at sun.reflect.DelegatingConstructorAccessorImpl.newInstance(DelegatingConstructorAccessorImpl.java:45)
at java.lang.reflect.Constructor.newInstance(Constructor.java:423)
at org.openqa.selenium.remote.http.W3CHttpResponseCodec.createException(W3CHttpResponseCodec.java:187)
at org.openqa.selenium.remote.http.W3CHttpResponseCodec.decode(W3CHttpResponseCodec.java:122)
at org.openqa.selenium.remote.http.W3CHttpResponseCodec.decode(W3CHttpResponseCodec.java:49)
at org.openqa.selenium.remote.HttpCommandExecutor.execute(HttpCommandExecutor.java:158)
at org.openqa.selenium.remote.service.DriverCommandExecutor.execute(DriverCommandExecutor.java:83)
at org.openqa.selenium.remote.RemoteWebDriver.execute(RemoteWebDriver.java:552)
at org.openqa.selenium.remote.RemoteWebDriver.findElement(RemoteWebDriver.java:323)
at org.openqa.selenium.remote.RemoteWebDriver.findElementByXPath(RemoteWebDriver.java:428)
at org.openqa.selenium.By$ByXPath.findElement(By.java:353)
at org.openqa.selenium.remote.RemoteWebDriver.findElement(RemoteWebDriver.java:315)
at org.openqa.selenium.support.pagefactory.DefaultElementLocator.findElement(DefaultElementLocator.java:69)
at org.openqa.selenium.support.pagefactory.internal.LocatingElementHandler.invoke(LocatingElementHandler.java:38)
at com.sun.proxy.$Proxy13.getText(Unknown Source)
at com.statefarm.qa.common.CommonMethods.getText(CommonMethods.java:20)
at com.statefarm.qa.autoPages.LoginPage.loginPageSteps(LoginPage.java:26)
at com.statefarm.qa.test.insurance.auto.InitialQuotingAutoTest.verifyFindAccountAuto(InitialQuotingAutoTest.java:78)
at sun.reflect.NativeMethodAccessorImpl.invoke0(Native Method)
at sun.reflect.NativeMethodAccessorImpl.invoke(NativeMethodAccessorImpl.java:62)
at sun.reflect.DelegatingMethodAccessorImpl.invoke(DelegatingMethodAccessorImpl.java:43)
at java.lang.reflect.Method.invoke(Method.java:498)
at org.testng.internal.MethodInvocationHelper.invokeMethod(MethodInvocationHelper.java:124)
at org.testng.internal.Invoker.invokeMethod(Invoker.java:583)
at org.testng.internal.Invoker.invokeTestMethod(Invoker.java:719)
at org.testng.internal.Invoker.invokeTestMethods(Invoker.java:989)
at org.testng.internal.TestMethodWorker.invokeTestMethods(TestMethodWorker.java:125)
at org.testng.internal.TestMethodWorker.run(TestMethodWorker.java:109)
at org.testng.TestRunner.privateRun(TestRunner.java:648)
at org.testng.TestRunner.run(TestRunner.java:505)
at org.testng.SuiteRunner.runTest(SuiteRunner.java:455)
at org.testng.SuiteRunner.runSequentially(SuiteRunner.java:450)
at org.testng.SuiteRunner.privateRun(SuiteRunner.java:415)
at org.testng.SuiteRunner.run(SuiteRunner.java:364)
at org.testng.SuiteRunnerWorker.runSuite(SuiteRunnerWorker.java:52)
at org.testng.SuiteRunnerWorker.run(SuiteRunnerWorker.java:84)
at org.testng.TestNG.runSuitesSequentially(TestNG.java:1208)
at org.testng.TestNG.runSuitesLocally(TestNG.java:1137)
at org.testng.TestNG.runSuites(TestNG.java:1049)
at org.testng.TestNG.run(TestNG.java:1017)
at org.apache.maven.surefire.testng.TestNGExecutor.run(TestNGExecutor.java:283)
at org.apache.maven.surefire.testng.TestNGXmlTestSuite.execute(TestNGXmlTestSuite.java:75)
at org.apache.maven.surefire.testng.TestNGProvider.invoke(TestNGProvider.java:120)
at org.apache.maven.surefire.booter.ForkedBooter.invokeProviderInSameClassLoader(ForkedBooter.java:384)
at org.apache.maven.surefire.booter.ForkedBooter.runSuitesInProcess(ForkedBooter.java:345)
at org.apache.maven.surefire.booter.ForkedBooter.execute(ForkedBooter.java:126)
at org.apache.maven.surefire.booter.ForkedBooter.main(ForkedBooter.java:418)
]]>
            </full-stacktrace>
          </exception> <!-- org.openqa.selenium.NoSuchElementException -->
          <reporter-output>
          </reporter-output>
        </test-method> <!-- verifyFindAccountAuto -->
        <test-method status="FAIL" signature="afterEachTestMethod(org.testng.ITestResult)[pri:0, instance:com.statefarm.qa.test.insurance.auto.InitialQuotingAutoTest@458ad742]" name="afterEachTestMethod" is-config="true" duration-ms="329" started-at="2021-12-10T03:04:09Z" finished-at="2021-12-10T03:04:10Z">
          <params>
            <param index="0">
              <value>
                <![CDATA[[TestResult name=verifyFindAccountAuto status=FAILURE method=InitialQuotingAutoTest.verifyFindAccountAuto(java.lang.String)[pri:0, instance:com.statefarm.qa.test.insurance.auto.InitialQuotingAutoTest@458ad742] output={null}]]]>
              </value>
            </param>
          </params>
          <exception class="java.lang.ClassCastException">
            <message>
              <![CDATA[com.aventstack.extentreports.ExtentTest cannot be cast to com.aventstack.extentreports.markuputils.Markup]]>
            </message>
            <full-stacktrace>
              <![CDATA[java.lang.ClassCastException: com.aventstack.extentreports.ExtentTest cannot be cast to com.aventstack.extentreports.markuputils.Markup
at com.statefarm.qa.setup.BasePage.afterEachTestMethod(BasePage.java:97)
at sun.reflect.NativeMethodAccessorImpl.invoke0(Native Method)
at sun.reflect.NativeMethodAccessorImpl.invoke(NativeMethodAccessorImpl.java:62)
at sun.reflect.DelegatingMethodAccessorImpl.invoke(DelegatingMethodAccessorImpl.java:43)
at java.lang.reflect.Method.invoke(Method.java:498)
at org.testng.internal.MethodInvocationHelper.invokeMethod(MethodInvocationHelper.java:124)
at org.testng.internal.MethodInvocationHelper.invokeMethodConsideringTimeout(MethodInvocationHelper.java:59)
at org.testng.internal.Invoker.invokeConfigurationMethod(Invoker.java:458)
at org.testng.internal.Invoker.invokeConfigurations(Invoker.java:222)
at org.testng.internal.Invoker.invokeMethod(Invoker.java:646)
at org.testng.internal.Invoker.invokeTestMethod(Invoker.java:719)
at org.testng.internal.Invoker.invokeTestMethods(Invoker.java:989)
at org.testng.internal.TestMethodWorker.invokeTestMethods(TestMethodWorker.java:125)
at org.testng.internal.TestMethodWorker.run(TestMethodWorker.java:109)
at org.testng.TestRunner.privateRun(TestRunner.java:648)
at org.testng.TestRunner.run(TestRunner.java:505)
at org.testng.SuiteRunner.runTest(SuiteRunner.java:455)
at org.testng.SuiteRunner.runSequentially(SuiteRunner.java:450)
at org.testng.SuiteRunner.privateRun(SuiteRunner.java:415)
at org.testng.SuiteRunner.run(SuiteRunner.java:364)
at org.testng.SuiteRunnerWorker.runSuite(SuiteRunnerWorker.java:52)
at org.testng.SuiteRunnerWorker.run(SuiteRunnerWorker.java:84)
at org.testng.TestNG.runSuitesSequentially(TestNG.java:1208)
at org.testng.TestNG.runSuitesLocally(TestNG.java:1137)
at org.testng.TestNG.runSuites(TestNG.java:1049)
at org.testng.TestNG.run(TestNG.java:1017)
at org.apache.maven.surefire.testng.TestNGExecutor.run(TestNGExecutor.java:283)
at org.apache.maven.surefire.testng.TestNGXmlTestSuite.execute(TestNGXmlTestSuite.java:75)
at org.apache.maven.surefire.testng.TestNGProvider.invoke(TestNGProvider.java:120)
at org.apache.maven.surefire.booter.ForkedBooter.invokeProviderInSameClassLoader(ForkedBooter.java:384)
at org.apache.maven.surefire.booter.ForkedBooter.runSuitesInProcess(ForkedBooter.java:345)
at org.apache.maven.surefire.booter.ForkedBooter.execute(ForkedBooter.java:126)
at org.apache.maven.surefire.booter.ForkedBooter.main(ForkedBooter.java:418)
]]>
            </full-stacktrace>
          </exception> <!-- java.lang.ClassCastException -->
          <reporter-output>
            <line>
              <![CDATA[Error Screen Shot has been saved at : screenShots\verifyFindAccountAuto_12.09.2021 22.04.09.png]]>
            </line>
          </reporter-output>
        </test-method> <!-- afterEachTestMethod -->
        <test-method status="PASS" signature="finishReporting()[pri:0, instance:com.statefarm.qa.test.insurance.auto.InitialQuotingAutoTest@458ad742]" name="finishReporting" is-config="true" duration-ms="527" started-at="2021-12-10T03:04:10Z" finished-at="2021-12-10T03:04:10Z">
          <reporter-output>
          </reporter-output>
        </test-method> <!-- finishReporting -->
      </class> <!-- com.statefarm.qa.test.insurance.auto.InitialQuotingAutoTest -->
    </test> <!-- Test -->
  </suite> <!-- testRunnerAuto -->
</testng-results>
